[13:02:21] [ServerMain/INFO]: Environment: Environment[sessionHost=https://sessionserver.mojang.com, servicesHost=https://api.minecraftservices.com, name=PROD]
[13:02:23] [ServerMain/INFO]: Loaded 1174 recipes
[13:02:23] [ServerMain/INFO]: Loaded 1271 advancements
[13:02:23] [Server thread/INFO]: Starting minecraft server version 1.20.4
[13:02:23] [Server thread/INFO]: Loading properties
[13:02:23] [Server thread/INFO]: This server is running Paper version git-Paper-463 (MC: 1.20.4) (Implementing API version 1.20.4-R0.1-SNAPSHOT) (Git: 45d1486)
[13:02:24] [Server thread/INFO]: Server Ping Player Sample Count: 12
[13:02:24] [Server thread/INFO]: Using 4 threads for Netty based IO
[13:02:24] [Server thread/WARN]: [!] The timings profiler has been enabled but has been scheduled for removal from Paper in the future.
    We recommend installing the spark profiler as a replacement: https://spark.lucko.me/
    For more information please visit: https://github.com/PaperMC/Paper/issues/8948
[13:02:24] [Server thread/INFO]: [ChunkTaskScheduler] Chunk system is using 1 I/O threads, 1 worker threads, and gen parallelism of 1 threads
[13:02:24] [Server thread/INFO]: Default game type: SURVIVAL
[13:02:24] [Server thread/INFO]: Generating keypair
[13:02:24] [Server thread/INFO]: Starting Minecraft server on *:25565
[13:02:24] [Server thread/INFO]: Using epoll channel type
[13:02:24] [Server thread/INFO]: Paper: Using libdeflate (Linux x86_64) compression from Velocity.
[13:02:24] [Server thread/INFO]: Paper: Using OpenSSL 3.0.x (Linux x86_64) cipher from Velocity.
[13:02:24] [Server thread/INFO]: Server permissions file permissions.yml is empty, ignoring it
[13:02:24] [Server thread/WARN]: **** SERVER IS RUNNING IN OFFLINE/INSECURE MODE!
[13:02:24] [Server thread/WARN]: The server will make no attempt to authenticate usernames. Beware.
[13:02:24] [Server thread/WARN]: While this makes the game possible to play without internet access, it also opens up the ability for hackers to connect with any username they choose.
[13:02:24] [Server thread/WARN]: To change this, set "online-mode" to "true" in the server.properties file.
[13:02:24] [Server thread/INFO]: Preparing level "world"
[13:02:25] [Server thread/INFO]: Preparing start region for dimension minecraft:overworld
[13:02:25] [Server thread/INFO]: Time elapsed: 242 ms
[13:02:25] [Server thread/INFO]: Preparing start region for dimension minecraft:the_nether
[13:02:25] [Server thread/INFO]: Time elapsed: 102 ms
[13:02:25] [Server thread/INFO]: Preparing start region for dimension minecraft:the_end
[13:02:25] [Server thread/INFO]: Time elapsed: 54 ms
[13:02:25] [Server thread/INFO]: Running delayed init tasks
[13:02:25] [Server thread/INFO]: Done (2.318s)! For help, type "help"
[13:02:25] [Server thread/INFO]: Timings Reset
[13:02:46] [Server thread/INFO]: Stopping server
[13:02:46] [Server thread/INFO]: Saving players
[13:02:46] [Server thread/INFO]: Saving worlds
[13:02:46] [Server thread/INFO]: Saving chunks for level 'ServerLevel[world]'/minecraft:overworld
[13:02:46] [Server thread/INFO]: [ChunkHolderManager] Waiting 60s for chunk system to halt for world 'world'
[13:02:46] [Server thread/INFO]: [ChunkHolderManager] Halted chunk system for world 'world'
[13:02:46] [Server thread/INFO]: [ChunkHolderManager] Saving all chunkholders for world 'world'
[13:02:47] [Server thread/INFO]: [ChunkHolderManager] Saved 2025 block chunks, 529 entity chunks, 3 poi chunks in world 'world' in 1.42s
[13:02:48] [Server thread/INFO]: ThreadedAnvilChunkStorage (world): All chunks are saved
[13:02:48] [Server thread/INFO]: Saving chunks for level 'ServerLevel[world_nether]'/minecraft:the_nether
[13:02:48] [Server thread/INFO]: [ChunkHolderManager] Waiting 60s for chunk system to halt for world 'world_nether'
[13:02:48] [Server thread/INFO]: [ChunkHolderManager] Halted chunk system for world 'world_nether'
[13:02:48] [Server thread/INFO]: [ChunkHolderManager] Saving all chunkholders for world 'world_nether'
[13:02:48] [Server thread/INFO]: [ChunkHolderManager] Saved 529 block chunks, 529 entity chunks, 0 poi chunks in world 'world_nether' in 0.54s
[13:02:48] [Server thread/INFO]: ThreadedAnvilChunkStorage (DIM-1): All chunks are saved
[13:02:48] [Server thread/INFO]: Saving chunks for level 'ServerLevel[world_the_end]'/minecraft:the_end
[13:02:48] [Server thread/INFO]: [ChunkHolderManager] Waiting 60s for chunk system to halt for world 'world_the_end'
[13:02:48] [Server thread/INFO]: [ChunkHolderManager] Halted chunk system for world 'world_the_end'
[13:02:48] [Server thread/INFO]: [ChunkHolderManager] Saving all chunkholders for world 'world_the_end'
[13:02:48] [Server thread/INFO]: [ChunkHolderManager] Saved 529 block chunks, 529 entity chunks, 0 poi chunks in world 'world_the_end' in 0.09s
[13:02:48] [Server thread/INFO]: ThreadedAnvilChunkStorage (DIM1): All chunks are saved
[13:02:48] [Server thread/INFO]: ThreadedAnvilChunkStorage: All dimensions are saved
[13:02:48] [Server thread/INFO]: Flushing Chunk IO
[13:02:48] [Server thread/INFO]: Closing Thread Pool
[13:02:48] [Server thread/INFO]: Closing Server
